<?xml version="1.0" encoding="UTF-8"?>
<ns2:test-suite xmlns:ns2="urn:model.allure.qatools.yandex.ru" start="1540213448613" stop="1540213449213">
	<name>Customer login Test </name>
	<title>Customer login Test </title>
	<test-cases>
		<test-case start="1540213448614" stop="1540213448950" status="failed">
			<name>Login as a customer</name>
			<title>Login as a customer</title>
			<description></description>
			<labels>
			</labels>
			<steps>
			</steps>
			<attachments>
				<attachment title="Screenshot" source="6bc498f9-4518-49f1-a7ca-75a748114c3f-attachment.png" type="image/png" size="3635"/>
			</attachments>
			<failure>
				<message>Failed: Cannot read property &apos;split&apos; of undefined</message>
				<stack-trace>TypeError: Cannot read property &apos;split&apos; of undefined
    at ProtractorBy.className (C:\Users\madhan\AppData\Roaming\npm\node_modules\protractor\node_modules\selenium-webdriver\lib\by.js:138:22)
    at HomePage.RegisterAsCustomer (D:\CloudES Automation\pages\HomePage.js:14:20)
    at UserContext.&lt;anonymous&gt; (D:\CloudES Automation\test_spec\CustomerLoginTest_spec.js:13:31)
    at C:\Users\madhan\AppData\Roaming\npm\node_modules\protractor\node_modules\jasminewd2\index.js:112:25
    at new ManagedPromise (C:\Users\madhan\AppData\Roaming\npm\node_modules\protractor\node_modules\selenium-webdriver\lib\promise.js:1077:7)
    at ControlFlow.promise (C:\Users\madhan\AppData\Roaming\npm\node_modules\protractor\node_modules\selenium-webdriver\lib\promise.js:2505:12)
    at schedulerExecute (C:\Users\madhan\AppData\Roaming\npm\node_modules\protractor\node_modules\jasminewd2\index.js:95:18)
    at TaskQueue.execute_ (C:\Users\madhan\AppData\Roaming\npm\node_modules\protractor\node_modules\selenium-webdriver\lib\promise.js:3084:14)
    at TaskQueue.executeNext_ (C:\Users\madhan\AppData\Roaming\npm\node_modules\protractor\node_modules\selenium-webdriver\lib\promise.js:3067:27)
    at asyncRun (C:\Users\madhan\AppData\Roaming\npm\node_modules\protractor\node_modules\selenium-webdriver\lib\promise.js:2974:25)
From: Task: Run it(&quot;Login as a customer&quot;) in control flow
    at UserContext.&lt;anonymous&gt; (C:\Users\madhan\AppData\Roaming\npm\node_modules\protractor\node_modules\jasminewd2\index.js:94:19)
    at attempt (C:\Users\madhan\AppData\Roaming\npm\node_modules\protractor\node_modules\jasmine-core\lib\jasmine-core\jasmine.js:4297:26)
    at QueueRunner.run (C:\Users\madhan\AppData\Roaming\npm\node_modules\protractor\node_modules\jasmine-core\lib\jasmine-core\jasmine.js:4217:20)
    at QueueRunner.execute (C:\Users\madhan\AppData\Roaming\npm\node_modules\protractor\node_modules\jasmine-core\lib\jasmine-core\jasmine.js:4199:10)
    at Spec.queueRunnerFactory (C:\Users\madhan\AppData\Roaming\npm\node_modules\protractor\node_modules\jasmine-core\lib\jasmine-core\jasmine.js:909:35)
    at Spec.execute (C:\Users\madhan\AppData\Roaming\npm\node_modules\protractor\node_modules\jasmine-core\lib\jasmine-core\jasmine.js:526:10)
    at UserContext.fn (C:\Users\madhan\AppData\Roaming\npm\node_modules\protractor\node_modules\jasmine-core\lib\jasmine-core\jasmine.js:5340:37)
    at attempt (C:\Users\madhan\AppData\Roaming\npm\node_modules\protractor\node_modules\jasmine-core\lib\jasmine-core\jasmine.js:4297:26)
    at QueueRunner.run (C:\Users\madhan\AppData\Roaming\npm\node_modules\protractor\node_modules\jasmine-core\lib\jasmine-core\jasmine.js:4217:20)
    at QueueRunner.execute (C:\Users\madhan\AppData\Roaming\npm\node_modules\protractor\node_modules\jasmine-core\lib\jasmine-core\jasmine.js:4199:10)
From asynchronous test: 
Error
    at Suite.&lt;anonymous&gt; (D:\CloudES Automation\test_spec\CustomerLoginTest_spec.js:9:4)
    at addSpecsToSuite (C:\Users\madhan\AppData\Roaming\npm\node_modules\protractor\node_modules\jasmine-core\lib\jasmine-core\jasmine.js:1107:25)
    at Env.describe (C:\Users\madhan\AppData\Roaming\npm\node_modules\protractor\node_modules\jasmine-core\lib\jasmine-core\jasmine.js:1074:7)
    at describe (C:\Users\madhan\AppData\Roaming\npm\node_modules\protractor\node_modules\jasmine-core\lib\jasmine-core\jasmine.js:4399:18)
    at Object.&lt;anonymous&gt; (D:\CloudES Automation\test_spec\CustomerLoginTest_spec.js:5:1)
    at Module._compile (module.js:652:30)
    at Object.Module._extensions..js (module.js:663:10)
    at Module.load (module.js:565:32)
    at tryModuleLoad (module.js:505:12)</stack-trace>
			</failure>
		</test-case>
		<test-case start="1540213448950" stop="1540213449212" status="failed">
			<name>Register as a customer</name>
			<title>Register as a customer</title>
			<description></description>
			<labels>
			</labels>
			<steps>
			</steps>
			<attachments>
				<attachment title="Screenshot" source="74150f79-9bfb-4a38-a6a7-8d985c8e9238-attachment.png" type="image/png" size="3635"/>
			</attachments>
			<failure>
				<message>Failed: Cannot read property &apos;split&apos; of undefined</message>
				<stack-trace>TypeError: Cannot read property &apos;split&apos; of undefined
    at ProtractorBy.className (C:\Users\madhan\AppData\Roaming\npm\node_modules\protractor\node_modules\selenium-webdriver\lib\by.js:138:22)
    at HomePage.RegisterAsCustomer (D:\CloudES Automation\pages\HomePage.js:14:20)
    at UserContext.&lt;anonymous&gt; (D:\CloudES Automation\test_spec\CustomerLoginTest_spec.js:22:30)
    at C:\Users\madhan\AppData\Roaming\npm\node_modules\protractor\node_modules\jasminewd2\index.js:112:25
    at new ManagedPromise (C:\Users\madhan\AppData\Roaming\npm\node_modules\protractor\node_modules\selenium-webdriver\lib\promise.js:1077:7)
    at ControlFlow.promise (C:\Users\madhan\AppData\Roaming\npm\node_modules\protractor\node_modules\selenium-webdriver\lib\promise.js:2505:12)
    at schedulerExecute (C:\Users\madhan\AppData\Roaming\npm\node_modules\protractor\node_modules\jasminewd2\index.js:95:18)
    at TaskQueue.execute_ (C:\Users\madhan\AppData\Roaming\npm\node_modules\protractor\node_modules\selenium-webdriver\lib\promise.js:3084:14)
    at TaskQueue.executeNext_ (C:\Users\madhan\AppData\Roaming\npm\node_modules\protractor\node_modules\selenium-webdriver\lib\promise.js:3067:27)
    at asyncRun (C:\Users\madhan\AppData\Roaming\npm\node_modules\protractor\node_modules\selenium-webdriver\lib\promise.js:2974:25)
From: Task: Run it(&quot;Register as a customer&quot;) in control flow
    at UserContext.&lt;anonymous&gt; (C:\Users\madhan\AppData\Roaming\npm\node_modules\protractor\node_modules\jasminewd2\index.js:94:19)
    at attempt (C:\Users\madhan\AppData\Roaming\npm\node_modules\protractor\node_modules\jasmine-core\lib\jasmine-core\jasmine.js:4297:26)
    at QueueRunner.run (C:\Users\madhan\AppData\Roaming\npm\node_modules\protractor\node_modules\jasmine-core\lib\jasmine-core\jasmine.js:4217:20)
    at QueueRunner.execute (C:\Users\madhan\AppData\Roaming\npm\node_modules\protractor\node_modules\jasmine-core\lib\jasmine-core\jasmine.js:4199:10)
    at Spec.queueRunnerFactory (C:\Users\madhan\AppData\Roaming\npm\node_modules\protractor\node_modules\jasmine-core\lib\jasmine-core\jasmine.js:909:35)
    at Spec.execute (C:\Users\madhan\AppData\Roaming\npm\node_modules\protractor\node_modules\jasmine-core\lib\jasmine-core\jasmine.js:526:10)
    at UserContext.fn (C:\Users\madhan\AppData\Roaming\npm\node_modules\protractor\node_modules\jasmine-core\lib\jasmine-core\jasmine.js:5340:37)
    at attempt (C:\Users\madhan\AppData\Roaming\npm\node_modules\protractor\node_modules\jasmine-core\lib\jasmine-core\jasmine.js:4297:26)
    at QueueRunner.run (C:\Users\madhan\AppData\Roaming\npm\node_modules\protractor\node_modules\jasmine-core\lib\jasmine-core\jasmine.js:4217:20)
    at runNext (C:\Users\madhan\AppData\Roaming\npm\node_modules\protractor\node_modules\jasmine-core\lib\jasmine-core\jasmine.js:4257:20)
From asynchronous test: 
Error
    at Suite.&lt;anonymous&gt; (D:\CloudES Automation\test_spec\CustomerLoginTest_spec.js:19:4)
    at addSpecsToSuite (C:\Users\madhan\AppData\Roaming\npm\node_modules\protractor\node_modules\jasmine-core\lib\jasmine-core\jasmine.js:1107:25)
    at Env.describe (C:\Users\madhan\AppData\Roaming\npm\node_modules\protractor\node_modules\jasmine-core\lib\jasmine-core\jasmine.js:1074:7)
    at describe (C:\Users\madhan\AppData\Roaming\npm\node_modules\protractor\node_modules\jasmine-core\lib\jasmine-core\jasmine.js:4399:18)
    at Object.&lt;anonymous&gt; (D:\CloudES Automation\test_spec\CustomerLoginTest_spec.js:5:1)
    at Module._compile (module.js:652:30)
    at Object.Module._extensions..js (module.js:663:10)
    at Module.load (module.js:565:32)
    at tryModuleLoad (module.js:505:12)</stack-trace>
			</failure>
		</test-case>
	</test-cases>
</ns2:test-suite>